TN:
SF:src\app.ts
FN:35,(anonymous_1)
FN:67,(anonymous_2)
FN:76,(anonymous_3)
FN:90,(anonymous_4)
FNF:4
FNH:3
FNDA:0,(anonymous_1)
FNDA:20,(anonymous_2)
FNDA:3,(anonymous_3)
FNDA:1,(anonymous_4)
DA:1,4
DA:2,4
DA:3,4
DA:4,4
DA:5,4
DA:6,4
DA:9,4
DA:10,4
DA:11,4
DA:12,4
DA:13,4
DA:14,4
DA:16,4
DA:18,4
DA:21,4
DA:31,4
DA:32,4
DA:35,4
DA:36,0
DA:40,4
DA:48,4
DA:54,4
DA:62,4
DA:63,4
DA:66,4
DA:67,20
DA:69,0
DA:73,4
DA:76,4
DA:78,3
DA:80,2
DA:86,1
DA:90,4
DA:91,1
DA:92,1
DA:96,0
DA:97,0
DA:101,4
DA:103,4
LF:39
LH:35
BRDA:66,0,0,4
BRDA:66,0,1,0
BRDA:78,1,0,2
BRDA:78,1,1,1
BRDA:78,2,0,3
BRDA:78,2,1,3
BRDA:78,2,2,2
BRDA:82,3,0,2
BRDA:82,3,1,0
BRDA:91,4,0,1
BRDA:91,4,1,0
BRDA:91,5,0,1
BRDA:91,5,1,1
BRF:13
BRH:10
end_of_record
TN:
SF:src\utils.ts
FN:8,removeNullAttributes
FN:11,(anonymous_1)
FN:16,findOrThrowNotFound
FN:28,throwConflictIfFound
FN:38,throwBadRequestIfMissing
FN:55,check_var_invalid
FN:68,throwBadRequestIfMissingObject
FN:71,(anonymous_7)
FN:72,(anonymous_8)
FN:85,buildParamsObject
FNF:10
FNH:8
FNDA:1986,removeNullAttributes
FNDA:13991,(anonymous_1)
FNDA:0,findOrThrowNotFound
FNDA:0,throwConflictIfFound
FNDA:1385,throwBadRequestIfMissing
FNDA:17248,check_var_invalid
FNDA:1385,throwBadRequestIfMissingObject
FNDA:2893,(anonymous_7)
FNDA:8,(anonymous_8)
FNDA:161,buildParamsObject
DA:2,11
DA:3,11
DA:4,11
DA:6,11
DA:8,11
DA:9,1986
DA:11,13991
DA:16,11
DA:21,0
DA:22,0
DA:23,0
DA:25,0
DA:28,11
DA:33,0
DA:34,0
DA:38,11
DA:43,1385
DA:44,1385
DA:45,8
DA:46,8
DA:55,11
DA:56,17248
DA:68,11
DA:69,1385
DA:71,2893
DA:72,8
DA:85,11
DA:89,161
DA:91,161
DA:92,364
DA:93,356
DA:97,161
LF:32
LH:26
BRDA:22,0,0,0
BRDA:22,0,1,0
BRDA:33,1,0,0
BRDA:33,1,1,0
BRDA:44,2,0,8
BRDA:44,2,1,1377
BRDA:57,3,0,17248
BRDA:57,3,1,14618
BRDA:57,3,2,13988
BRDA:57,3,3,9277
BRDA:57,3,4,13988
BRDA:57,3,5,2
BRDA:92,4,0,356
BRDA:92,4,1,8
BRF:14
BRH:10
end_of_record
TN:
SF:src\controllers\authController.ts
FN:14,(anonymous_0)
FN:46,(anonymous_1)
FN:66,(anonymous_2)
FNF:3
FNH:3
FNDA:142,(anonymous_0)
FNDA:6,(anonymous_1)
FNDA:4,(anonymous_2)
DA:2,7
DA:3,7
DA:4,7
DA:6,7
DA:13,7
DA:15,142
DA:16,142
DA:19,142
DA:21,141
DA:27,139
DA:28,139
DA:30,139
DA:32,3
DA:33,1
DA:39,2
DA:47,6
DA:48,6
DA:50,6
DA:51,3
DA:52,1
DA:57,2
DA:59,3
DA:67,4
DA:68,4
DA:69,2
DA:74,2
DA:75,2
LF:27
LH:27
BRDA:16,0,0,142
BRDA:16,0,1,0
BRDA:32,1,0,1
BRDA:32,1,1,2
BRDA:35,2,0,1
BRDA:35,2,1,0
BRDA:41,3,0,2
BRDA:41,3,1,0
BRDA:51,4,0,1
BRDA:51,4,1,2
BRDA:68,5,0,2
BRDA:68,5,1,2
BRF:12
BRH:9
end_of_record
TN:
SF:src\controllers\reportController.ts
FN:23,(anonymous_1)
FN:83,(anonymous_2)
FN:104,(anonymous_3)
FN:115,(anonymous_4)
FN:187,(anonymous_5)
FN:228,(anonymous_6)
FN:256,(anonymous_7)
FN:300,(anonymous_8)
FN:311,(anonymous_9)
FN:341,(anonymous_10)
FN:385,(anonymous_11)
FN:440,(anonymous_12)
FNF:12
FNH:12
FNDA:15,(anonymous_1)
FNDA:11,(anonymous_2)
FNDA:4,(anonymous_3)
FNDA:19,(anonymous_4)
FNDA:40,(anonymous_5)
FNDA:28,(anonymous_6)
FNDA:8,(anonymous_7)
FNDA:2,(anonymous_8)
FNDA:4,(anonymous_9)
FNDA:5,(anonymous_10)
FNDA:8,(anonymous_11)
FNDA:7,(anonymous_12)
DA:2,5
DA:3,5
DA:4,5
DA:9,5
DA:23,5
DA:24,15
DA:25,15
DA:32,15
DA:33,0
DA:40,15
DA:41,7
DA:42,3
DA:48,4
DA:53,8
DA:58,7
DA:59,1
DA:65,6
DA:66,1
DA:69,1
DA:75,10
DA:76,8
DA:78,2
DA:79,2
DA:83,5
DA:84,11
DA:85,11
DA:86,11
DA:88,11
DA:89,1
DA:92,10
DA:94,9
DA:95,3
DA:98,6
DA:100,1
DA:104,5
DA:105,4
DA:106,4
DA:107,4
DA:109,2
DA:111,2
DA:115,5
DA:116,19
DA:117,19
DA:118,19
DA:119,19
DA:120,19
DA:123,19
DA:124,19
DA:126,19
DA:127,19
DA:130,19
DA:131,3
DA:137,16
DA:141,0
DA:147,16
DA:151,3
DA:157,13
DA:159,0
DA:166,13
DA:173,7
DA:176,6
DA:177,6
DA:178,6
DA:179,6
DA:180,3
DA:181,3
DA:183,6
DA:187,5
DA:188,40
DA:190,40
DA:191,40
DA:194,40
DA:195,2
DA:200,38
DA:201,2
DA:204,36
DA:205,2
DA:208,34
DA:209,2
DA:212,32
DA:213,2
DA:219,30
DA:220,2
DA:223,28
DA:224,1
DA:227,27
DA:228,28
DA:235,27
DA:248,26
DA:251,1
DA:252,1
DA:256,5
DA:260,8
DA:261,8
DA:262,1
DA:268,7
DA:269,7
DA:270,1
DA:276,6
DA:277,2
DA:284,4
DA:286,4
DA:291,3
DA:293,1
DA:300,5
DA:301,2
DA:302,2
DA:303,2
DA:304,1
DA:307,1
DA:311,5
DA:315,4
DA:316,4
DA:317,4
DA:319,4
DA:320,1
DA:327,3
DA:329,1
DA:332,2
DA:336,2
DA:337,2
DA:341,5
DA:345,5
DA:346,5
DA:347,1
DA:353,4
DA:354,4
DA:355,1
DA:361,3
DA:362,1
DA:369,2
DA:373,1
DA:376,1
DA:380,1
DA:381,1
DA:385,5
DA:386,8
DA:387,8
DA:388,0
DA:394,8
DA:395,8
DA:396,1
DA:402,7
DA:403,1
DA:410,6
DA:414,6
DA:421,3
DA:422,0
DA:428,3
DA:431,3
DA:435,3
DA:436,3
DA:440,5
DA:441,7
DA:442,7
DA:443,1
DA:449,6
DA:450,6
DA:451,1
DA:457,5
DA:459,3
DA:460,0
DA:466,3
DA:469,2
DA:473,2
DA:474,2
LF:166
LH:160
BRDA:32,0,0,0
BRDA:32,0,1,15
BRDA:40,1,0,7
BRDA:40,1,1,8
BRDA:41,2,0,3
BRDA:41,2,1,4
BRDA:41,3,0,7
BRDA:41,3,1,4
BRDA:53,4,0,7
BRDA:53,4,1,1
BRDA:54,5,0,8
BRDA:54,5,1,2
BRDA:58,6,0,1
BRDA:58,6,1,6
BRDA:58,7,0,7
BRDA:58,7,1,2
BRDA:65,8,0,1
BRDA:65,8,1,5
BRDA:88,9,0,1
BRDA:88,9,1,10
BRDA:94,10,0,3
BRDA:94,10,1,6
BRDA:119,11,0,19
BRDA:119,11,1,17
BRDA:130,12,0,3
BRDA:130,12,1,16
BRDA:130,13,0,19
BRDA:130,13,1,11
BRDA:137,14,0,0
BRDA:137,14,1,16
BRDA:138,15,0,16
BRDA:138,15,1,0
BRDA:147,16,0,3
BRDA:147,16,1,13
BRDA:148,17,0,16
BRDA:148,17,1,6
BRDA:148,17,2,3
BRDA:157,18,0,0
BRDA:157,18,1,13
BRDA:176,19,0,6
BRDA:176,19,1,0
BRDA:178,20,0,6
BRDA:178,20,1,0
BRDA:179,21,0,3
BRDA:179,21,1,3
BRDA:180,22,0,0
BRDA:180,22,1,3
BRDA:181,23,0,1
BRDA:181,23,1,2
BRDA:194,24,0,2
BRDA:194,24,1,38
BRDA:194,25,0,40
BRDA:194,25,1,38
BRDA:200,26,0,2
BRDA:200,26,1,36
BRDA:200,27,0,38
BRDA:200,27,1,37
BRDA:204,28,0,2
BRDA:204,28,1,34
BRDA:204,29,0,36
BRDA:204,29,1,34
BRDA:208,30,0,2
BRDA:208,30,1,32
BRDA:212,31,0,2
BRDA:212,31,1,30
BRDA:219,32,0,2
BRDA:219,32,1,28
BRDA:219,33,0,30
BRDA:219,33,1,30
BRDA:223,34,0,1
BRDA:223,34,1,27
BRDA:241,35,0,27
BRDA:241,35,1,27
BRDA:261,36,0,1
BRDA:261,36,1,7
BRDA:269,37,0,1
BRDA:269,37,1,6
BRDA:269,38,0,7
BRDA:269,38,1,6
BRDA:276,39,0,2
BRDA:276,39,1,4
BRDA:284,40,0,2
BRDA:284,40,1,2
BRDA:316,41,0,4
BRDA:316,41,1,0
BRDA:319,42,0,1
BRDA:319,42,1,3
BRDA:332,43,0,2
BRDA:332,43,1,0
BRDA:336,44,0,1
BRDA:336,44,1,1
BRDA:336,45,0,2
BRDA:336,45,1,2
BRDA:346,46,0,1
BRDA:346,46,1,4
BRDA:354,47,0,1
BRDA:354,47,1,3
BRDA:354,48,0,4
BRDA:354,48,1,3
BRDA:361,49,0,1
BRDA:361,49,1,2
BRDA:376,50,0,1
BRDA:376,50,1,0
BRDA:380,51,0,0
BRDA:380,51,1,1
BRDA:380,52,0,1
BRDA:380,52,1,1
BRDA:387,53,0,0
BRDA:387,53,1,8
BRDA:395,54,0,1
BRDA:395,54,1,7
BRDA:402,55,0,1
BRDA:402,55,1,6
BRDA:402,56,0,7
BRDA:402,56,1,6
BRDA:410,57,0,6
BRDA:410,57,1,0
BRDA:421,58,0,0
BRDA:421,58,1,3
BRDA:431,59,0,3
BRDA:431,59,1,0
BRDA:435,60,0,2
BRDA:435,60,1,1
BRDA:435,61,0,3
BRDA:435,61,1,3
BRDA:442,62,0,1
BRDA:442,62,1,6
BRDA:450,63,0,1
BRDA:450,63,1,5
BRDA:459,64,0,0
BRDA:459,64,1,3
BRDA:469,65,0,2
BRDA:469,65,1,0
BRDA:473,66,0,1
BRDA:473,66,1,1
BRDA:473,67,0,2
BRDA:473,67,1,2
BRF:137
BRH:120
end_of_record
TN:
SF:src\controllers\userController.ts
FN:12,(anonymous_1)
FN:24,(anonymous_2)
FN:69,(anonymous_3)
FN:120,(anonymous_4)
FN:182,(anonymous_5)
FN:194,(anonymous_6)
FN:235,(anonymous_7)
FN:276,(anonymous_8)
FN:288,(anonymous_9)
FN:300,(anonymous_10)
FN:312,(anonymous_11)
FNF:11
FNH:11
FNDA:7,(anonymous_1)
FNDA:60,(anonymous_2)
FNDA:50,(anonymous_3)
FNDA:8,(anonymous_4)
FNDA:4,(anonymous_5)
FNDA:9,(anonymous_6)
FNDA:12,(anonymous_7)
FNDA:9,(anonymous_8)
FNDA:10,(anonymous_9)
FNDA:4,(anonymous_10)
FNDA:9,(anonymous_11)
DA:2,6
DA:3,6
DA:4,6
DA:5,6
DA:6,6
DA:7,6
DA:8,6
DA:9,6
DA:10,6
DA:12,6
DA:13,7
DA:14,7
DA:18,7
DA:23,6
DA:25,60
DA:26,60
DA:28,60
DA:36,58
DA:43,54
DA:49,54
DA:50,54
DA:52,54
DA:54,6
DA:58,3
DA:62,3
DA:70,50
DA:78,50
DA:80,50
DA:89,46
DA:96,37
DA:98,13
DA:99,4
DA:105,9
DA:109,6
DA:113,3
DA:121,8
DA:130,8
DA:132,8
DA:142,7
DA:144,7
DA:145,2
DA:152,5
DA:158,2
DA:160,4
DA:161,1
DA:167,3
DA:171,2
DA:175,1
DA:183,4
DA:184,4
DA:185,2
DA:187,2
DA:195,9
DA:196,9
DA:197,9
DA:199,8
DA:201,8
DA:202,2
DA:207,6
DA:209,4
DA:210,2
DA:213,2
DA:215,5
DA:216,3
DA:221,2
DA:222,0
DA:228,2
DA:236,12
DA:237,12
DA:238,12
DA:240,11
DA:242,11
DA:243,3
DA:248,8
DA:249,3
DA:251,6
DA:252,0
DA:258,6
DA:259,2
DA:264,4
DA:265,1
DA:269,3
DA:277,9
DA:278,9
DA:279,5
DA:281,4
DA:289,10
DA:290,10
DA:291,6
DA:293,4
DA:301,4
DA:302,4
DA:303,2
DA:305,2
DA:313,9
DA:314,9
DA:316,9
DA:317,0
DA:323,9
DA:324,9
DA:326,9
DA:327,3
DA:333,6
DA:334,2
DA:341,2
DA:345,6
DA:346,6
DA:347,3
DA:351,6
DA:358,5
DA:360,1
LF:111
LH:108
BRDA:13,0,0,0
BRDA:13,0,1,7
BRDA:13,1,0,7
BRDA:13,1,1,7
BRDA:18,2,0,5
BRDA:18,2,1,2
BRDA:26,3,0,60
BRDA:26,3,1,0
BRDA:54,4,0,3
BRDA:54,4,1,3
BRDA:55,5,0,6
BRDA:55,5,1,4
BRDA:64,6,0,3
BRDA:64,6,1,0
BRDA:78,7,0,50
BRDA:78,7,1,0
BRDA:98,8,0,4
BRDA:98,8,1,9
BRDA:101,9,0,4
BRDA:101,9,1,0
BRDA:105,10,0,6
BRDA:105,10,1,3
BRDA:106,11,0,9
BRDA:106,11,1,5
BRDA:115,12,0,3
BRDA:115,12,1,0
BRDA:130,13,0,8
BRDA:130,13,1,0
BRDA:144,14,0,2
BRDA:144,14,1,5
BRDA:160,15,0,1
BRDA:160,15,1,3
BRDA:163,16,0,1
BRDA:163,16,1,0
BRDA:167,17,0,2
BRDA:167,17,1,1
BRDA:168,18,0,3
BRDA:168,18,1,2
BRDA:177,19,0,1
BRDA:177,19,1,0
BRDA:189,20,0,2
BRDA:189,20,1,0
BRDA:201,21,0,2
BRDA:201,21,1,6
BRDA:209,22,0,2
BRDA:209,22,1,2
BRDA:215,23,0,3
BRDA:215,23,1,2
BRDA:221,24,0,0
BRDA:221,24,1,2
BRDA:224,25,0,0
BRDA:224,25,1,0
BRDA:230,26,0,2
BRDA:230,26,1,0
BRDA:242,27,0,3
BRDA:242,27,1,8
BRDA:251,28,0,0
BRDA:251,28,1,6
BRDA:254,29,0,0
BRDA:254,29,1,0
BRDA:258,30,0,2
BRDA:258,30,1,4
BRDA:264,31,0,1
BRDA:264,31,1,3
BRDA:271,32,0,3
BRDA:271,32,1,0
BRDA:283,33,0,4
BRDA:283,33,1,0
BRDA:295,34,0,4
BRDA:295,34,1,0
BRDA:307,35,0,2
BRDA:307,35,1,0
BRDA:316,36,0,0
BRDA:316,36,1,9
BRDA:323,37,0,9
BRDA:323,37,1,0
BRDA:326,38,0,3
BRDA:326,38,1,6
BRDA:326,39,0,9
BRDA:326,39,1,7
BRDA:326,39,2,5
BRDA:333,40,0,2
BRDA:333,40,1,4
BRDA:346,41,0,3
BRDA:346,41,1,3
BRDA:348,42,0,3
BRDA:348,42,1,2
BRDA:362,43,0,1
BRDA:362,43,1,0
BRF:89
BRH:65
end_of_record
TN:
SF:src\middlewares\authMiddleware.ts
FN:18,(anonymous_1)
FNF:1
FNH:1
FNDA:162,(anonymous_1)
DA:2,4
DA:3,4
DA:4,4
DA:6,4
DA:18,4
DA:23,162
DA:24,162
DA:26,162
DA:27,19
DA:30,143
DA:32,143
DA:34,143
DA:35,143
DA:37,143
DA:39,19
DA:40,19
DA:46,0
DA:47,0
DA:53,0
DA:54,0
DA:60,0
LF:21
LH:16
BRDA:26,0,0,19
BRDA:26,0,1,143
BRDA:39,1,0,19
BRDA:39,1,1,0
BRDA:42,2,0,19
BRDA:42,2,1,0
BRDA:46,3,0,0
BRDA:46,3,1,0
BRDA:53,4,0,0
BRDA:53,4,1,0
BRF:10
BRH:4
end_of_record
TN:
SF:src\middlewares\errorMiddleware.ts
FN:5,errorHandler
FNF:1
FNH:0
FNDA:0,errorHandler
DA:1,4
DA:2,4
DA:11,0
DA:12,0
DA:15,4
LF:5
LH:3
BRF:0
BRH:0
end_of_record
TN:
SF:src\middlewares\roleMiddleware.ts
FN:4,(anonymous_0)
FN:22,(anonymous_1)
FN:44,(anonymous_2)
FN:66,(anonymous_3)
FN:88,(anonymous_4)
FN:114,(anonymous_5)
FN:132,(anonymous_6)
FN:133,(anonymous_7)
FNF:8
FNH:8
FNDA:78,(anonymous_0)
FNDA:4,(anonymous_1)
FNDA:7,(anonymous_2)
FNDA:3,(anonymous_3)
FNDA:24,(anonymous_4)
FNDA:38,(anonymous_5)
FNDA:4,(anonymous_6)
FNDA:4,(anonymous_7)
DA:1,5
DA:4,5
DA:5,78
DA:6,1
DA:12,77
DA:13,11
DA:19,66
DA:22,5
DA:27,4
DA:28,1
DA:34,3
DA:35,1
DA:41,2
DA:44,5
DA:49,7
DA:50,1
DA:56,6
DA:57,2
DA:63,4
DA:66,5
DA:71,3
DA:72,1
DA:78,2
DA:79,1
DA:85,1
DA:88,5
DA:93,24
DA:94,0
DA:100,24
DA:104,4
DA:111,20
DA:114,5
DA:115,38
DA:116,1
DA:122,37
DA:123,1
DA:129,36
DA:132,5
DA:133,4
DA:134,4
DA:135,1
DA:141,3
DA:142,1
DA:148,2
DA:149,1
DA:155,1
LF:46
LH:45
BRDA:5,0,0,1
BRDA:5,0,1,77
BRDA:12,1,0,11
BRDA:12,1,1,66
BRDA:27,2,0,1
BRDA:27,2,1,3
BRDA:34,3,0,1
BRDA:34,3,1,2
BRDA:34,4,0,3
BRDA:34,4,1,2
BRDA:49,5,0,1
BRDA:49,5,1,6
BRDA:56,6,0,2
BRDA:56,6,1,4
BRDA:71,7,0,1
BRDA:71,7,1,2
BRDA:78,8,0,1
BRDA:78,8,1,1
BRDA:93,9,0,0
BRDA:93,9,1,24
BRDA:100,10,0,4
BRDA:100,10,1,20
BRDA:101,11,0,24
BRDA:101,11,1,4
BRDA:115,12,0,1
BRDA:115,12,1,37
BRDA:122,13,0,1
BRDA:122,13,1,36
BRDA:122,14,0,37
BRDA:122,14,1,3
BRDA:134,15,0,1
BRDA:134,15,1,3
BRDA:141,16,0,1
BRDA:141,16,1,2
BRDA:148,17,0,1
BRDA:148,17,1,1
BRF:36
BRH:35
end_of_record
TN:
SF:src\middlewares\uploadMiddleware.ts
FN:6,(anonymous_1)
FN:27,(anonymous_2)
FN:28,(anonymous_3)
FN:29,(anonymous_4)
FNF:4
FNH:4
FNDA:33,(anonymous_1)
FNDA:4,(anonymous_2)
FNDA:32,(anonymous_3)
FNDA:32,(anonymous_4)
DA:1,4
DA:4,4
DA:6,4
DA:11,33
DA:12,33
DA:14,0
DA:18,4
DA:27,4
DA:28,4
DA:29,32
DA:30,32
DA:31,1
DA:32,0
DA:36,1
DA:37,0
DA:41,1
DA:42,0
DA:44,1
DA:45,1
DA:49,0
DA:51,31
DA:56,4
LF:22
LH:17
BRDA:11,0,0,33
BRDA:11,0,1,0
BRDA:30,1,0,1
BRDA:30,1,1,31
BRDA:31,2,0,0
BRDA:31,2,1,1
BRDA:36,3,0,0
BRDA:36,3,1,1
BRDA:41,4,0,0
BRDA:41,4,1,1
BRDA:44,5,0,1
BRDA:44,5,1,0
BRF:12
BRH:7
end_of_record
TN:
SF:src\middlewares\validatorMiddleware.ts
FNF:0
FNH:0
DA:1,4
DA:2,4
DA:4,4
DA:5,4
DA:9,4
LF:5
LH:5
BRDA:5,0,0,0
BRDA:5,0,1,4
BRF:2
BRH:1
end_of_record
TN:
SF:src\repositories\reportRepository.ts
FN:16,(anonymous_0)
FN:61,(anonymous_1)
FN:77,(anonymous_2)
FN:102,(anonymous_3)
FN:119,(anonymous_4)
FN:132,(anonymous_5)
FN:155,(anonymous_6)
FN:161,(anonymous_7)
FN:178,(anonymous_8)
FN:184,(anonymous_9)
FN:195,(anonymous_10)
FNF:11
FNH:11
FNDA:10,(anonymous_0)
FNDA:24,(anonymous_1)
FNDA:29,(anonymous_2)
FNDA:2,(anonymous_3)
FNDA:2,(anonymous_4)
FNDA:5,(anonymous_5)
FNDA:1,(anonymous_6)
FNDA:31,(anonymous_7)
FNDA:2,(anonymous_8)
FNDA:3,(anonymous_9)
FNDA:3,(anonymous_10)
DA:1,5
DA:16,5
DA:18,10
DA:19,4
DA:43,6
DA:61,5
DA:62,24
DA:77,5
DA:78,29
DA:91,29
DA:92,27
DA:97,29
DA:102,5
DA:103,2
DA:119,5
DA:123,2
DA:132,5
DA:136,5
DA:155,5
DA:156,1
DA:161,5
DA:172,31
DA:178,5
DA:179,2
DA:184,5
DA:185,3
DA:195,5
DA:196,3
DA:202,5
LF:29
LH:29
BRDA:18,0,0,4
BRDA:18,0,1,6
BRDA:44,1,0,2
BRDA:44,1,1,4
BRDA:87,2,0,29
BRDA:87,2,1,29
BRDA:91,3,0,27
BRDA:91,3,1,2
BRDA:139,4,0,2
BRDA:139,4,1,3
BRF:10
BRH:10
end_of_record
TN:
SF:src\repositories\roleRepository.ts
FN:4,(anonymous_0)
FN:12,(anonymous_1)
FN:16,(anonymous_2)
FN:22,(anonymous_3)
FN:28,(anonymous_4)
FNF:5
FNH:5
FNDA:1,(anonymous_0)
FNDA:3,(anonymous_1)
FNDA:2,(anonymous_2)
FNDA:2,(anonymous_3)
FNDA:2,(anonymous_4)
DA:1,5
DA:3,5
DA:5,1
DA:13,3
DA:17,2
DA:23,2
DA:30,2
LF:7
LH:7
BRF:0
BRH:0
end_of_record
TN:
SF:src\repositories\userRepository.ts
FN:43,(anonymous_0)
FN:50,(anonymous_1)
FN:64,(anonymous_2)
FN:90,(anonymous_3)
FN:104,(anonymous_4)
FN:118,(anonymous_5)
FN:132,(anonymous_6)
FN:137,(anonymous_7)
FN:140,(anonymous_8)
FN:150,(anonymous_9)
FN:155,(anonymous_10)
FN:158,(anonymous_11)
FN:186,(anonymous_12)
FN:205,(anonymous_13)
FN:216,(anonymous_14)
FNF:15
FNH:15
FNDA:1106,(anonymous_0)
FNDA:1102,(anonymous_1)
FNDA:156,(anonymous_2)
FNDA:351,(anonymous_3)
FNDA:243,(anonymous_4)
FNDA:342,(anonymous_5)
FNDA:3,(anonymous_6)
FNDA:2,(anonymous_7)
FNDA:2,(anonymous_8)
FNDA:8,(anonymous_9)
FNDA:9,(anonymous_10)
FNDA:5,(anonymous_11)
FNDA:4,(anonymous_12)
FNDA:3,(anonymous_13)
FNDA:2,(anonymous_14)
DA:1,7
DA:2,7
DA:3,7
DA:4,7
DA:7,7
DA:17,7
DA:43,7
DA:44,1106
DA:45,1106
DA:46,1106
DA:50,7
DA:51,1102
DA:53,468
DA:55,410
DA:57,218
DA:59,6
DA:63,7
DA:71,156
DA:75,156
DA:77,156
DA:87,155
DA:94,351
DA:96,351
DA:101,351
DA:108,243
DA:110,243
DA:115,243
DA:122,342
DA:124,342
DA:129,342
DA:133,3
DA:137,3
DA:141,2
DA:143,2
DA:147,2
DA:151,8
DA:155,9
DA:164,5
DA:168,5
DA:170,5
DA:171,5
DA:172,3
DA:174,5
DA:175,2
DA:177,5
DA:178,2
DA:180,5
DA:187,4
DA:189,4
DA:202,4
DA:206,3
DA:208,3
DA:216,2
LF:53
LH:53
BRDA:43,0,0,512
BRDA:44,1,0,1106
BRDA:44,1,1,0
BRDA:45,2,0,594
BRDA:45,2,1,512
BRDA:51,3,0,468
BRDA:51,3,1,410
BRDA:51,3,2,218
BRDA:51,3,3,6
BRDA:68,4,0,1
BRDA:69,5,0,1
BRDA:92,6,0,2
BRDA:106,7,0,2
BRDA:120,8,0,2
BRDA:140,9,0,1
BRDA:171,10,0,3
BRDA:171,10,1,2
BRDA:174,11,0,2
BRDA:174,11,1,3
BRDA:177,12,0,2
BRDA:177,12,1,3
BRDA:202,13,0,3
BRDA:202,13,1,1
BRF:23
BRH:22
end_of_record
TN:
SF:src\routes\authRouter.ts
FNF:0
FNH:0
DA:1,5
DA:2,5
DA:4,5
DA:7,5
DA:10,5
DA:13,5
DA:15,5
LF:7
LH:7
BRF:0
BRH:0
end_of_record
TN:
SF:src\routes\reportRouter.ts
FNF:0
FNH:0
DA:1,5
DA:2,5
DA:13,5
DA:14,5
DA:20,5
DA:22,5
DA:25,5
DA:34,5
DA:37,5
DA:40,5
DA:42,5
DA:49,5
DA:57,5
DA:68,5
DA:75,5
DA:77,5
LF:16
LH:16
BRF:0
BRH:0
end_of_record
TN:
SF:src\routes\userRouter.ts
FNF:0
FNH:0
DA:1,6
DA:2,6
DA:3,6
DA:4,6
DA:5,6
DA:7,6
DA:10,6
DA:18,6
DA:26,6
DA:34,6
DA:42,6
DA:50,6
DA:53,6
DA:62,6
DA:65,6
DA:68,6
DA:70,6
LF:17
LH:17
BRF:0
BRH:0
end_of_record
TN:
SF:src\services\authService.ts
FN:18,(anonymous_1)
FN:72,(anonymous_2)
FNF:2
FNH:2
FNDA:196,(anonymous_1)
FNDA:7,(anonymous_2)
DA:1,6
DA:2,6
DA:3,6
DA:4,6
DA:6,6
DA:7,6
DA:10,6
DA:17,6
DA:23,196
DA:24,196
DA:26,196
DA:28,193
DA:31,193
DA:34,3
DA:35,6
DA:38,6
DA:39,2
DA:40,2
DA:45,196
DA:46,2
DA:49,194
DA:51,194
DA:52,2
DA:56,192
DA:58,192
DA:59,0
DA:62,192
DA:69,192
DA:73,7
DA:74,3
DA:77,4
DA:78,4
DA:79,3
DA:82,2
DA:84,2
LF:35
LH:34
BRDA:26,0,0,193
BRDA:26,0,1,3
BRDA:29,1,0,193
BRDA:29,1,1,87
BRDA:36,2,0,6
BRDA:36,2,1,4
BRDA:38,3,0,2
BRDA:38,3,1,4
BRDA:45,4,0,2
BRDA:45,4,1,194
BRDA:45,5,0,196
BRDA:45,5,1,195
BRDA:45,5,2,194
BRDA:45,5,3,194
BRDA:51,6,0,2
BRDA:51,6,1,192
BRDA:58,7,0,0
BRDA:58,7,1,192
BRDA:73,8,0,3
BRDA:73,8,1,4
BRDA:82,9,0,2
BRDA:82,9,1,0
BRF:22
BRH:20
end_of_record
TN:
SF:src\services\errorService.ts
FN:5,createAppError
FNF:1
FNH:1
FNDA:5,createAppError
DA:1,5
DA:2,5
DA:3,5
DA:5,5
DA:6,5
DA:12,5
DA:13,5
DA:19,5
DA:23,3
DA:26,5
LF:10
LH:10
BRDA:9,0,0,5
BRDA:9,0,1,1
BRDA:15,1,0,5
BRDA:15,1,1,3
BRDA:19,2,0,3
BRDA:19,2,1,2
BRDA:20,3,0,5
BRDA:20,3,1,4
BRDA:20,3,2,2
BRF:9
BRH:9
end_of_record
TN:
SF:src\services\imageService.ts
FN:26,(anonymous_1)
FN:56,(anonymous_2)
FN:133,(anonymous_3)
FN:154,(anonymous_4)
FN:155,(anonymous_5)
FN:188,(anonymous_6)
FN:229,(anonymous_7)
FN:244,(anonymous_8)
FN:290,(anonymous_9)
FN:294,(anonymous_10)
FN:298,(anonymous_11)
FNF:11
FNH:10
FNDA:3,(anonymous_1)
FNDA:5,(anonymous_2)
FNDA:3,(anonymous_3)
FNDA:0,(anonymous_4)
FNDA:1,(anonymous_5)
FNDA:10,(anonymous_6)
FNDA:2,(anonymous_7)
FNDA:7,(anonymous_8)
FNDA:3,(anonymous_9)
FNDA:2,(anonymous_10)
FNDA:2,(anonymous_11)
DA:1,6
DA:2,6
DA:3,6
DA:4,6
DA:12,6
DA:13,6
DA:14,6
DA:16,6
DA:17,1
DA:18,1
DA:20,6
DA:21,1
DA:22,1
DA:26,6
DA:27,3
DA:29,3
DA:30,4
DA:32,4
DA:38,4
DA:39,4
DA:45,1
DA:49,4
DA:52,3
DA:56,6
DA:60,5
DA:62,5
DA:63,5
DA:66,5
DA:68,5
DA:69,5
DA:73,5
DA:74,5
DA:76,1
DA:77,1
DA:81,5
DA:83,2
DA:84,2
DA:90,3
DA:92,5
DA:93,5
DA:96,5
DA:97,5
DA:99,5
DA:102,5
DA:103,5
DA:106,5
DA:107,5
DA:108,5
DA:116,1
DA:120,5
DA:121,5
DA:123,1
DA:126,5
DA:129,5
DA:133,6
DA:138,3
DA:139,3
DA:140,1
DA:143,2
DA:144,2
DA:145,2
DA:148,2
DA:149,2
DA:152,2
DA:154,0
DA:155,2
DA:156,1
DA:158,2
DA:159,1
DA:160,1
DA:161,1
DA:164,2
DA:167,2
DA:170,2
DA:171,2
DA:180,2
DA:182,2
DA:184,2
DA:188,6
DA:192,10
DA:194,10
DA:195,10
DA:196,3
DA:197,3
DA:201,7
DA:202,1
DA:204,6
DA:207,7
DA:208,2
DA:209,2
DA:212,5
DA:213,5
DA:214,5
DA:217,5
DA:225,5
DA:229,6
DA:232,2
DA:234,2
DA:235,4
DA:236,4
DA:237,3
DA:241,2
DA:244,6
DA:248,7
DA:249,2
DA:251,5
DA:253,5
DA:255,5
DA:256,5
DA:259,5
DA:260,5
DA:261,5
DA:265,5
DA:266,4
DA:267,4
DA:271,5
DA:272,5
DA:276,5
DA:277,5
DA:278,5
DA:279,5
DA:280,4
DA:281,3
DA:282,3
DA:290,6
DA:291,3
DA:294,6
DA:295,2
DA:298,6
DA:299,2
DA:300,2
DA:304,6
LF:132
LH:131
BRDA:16,0,0,1
BRDA:16,0,1,5
BRDA:20,1,0,1
BRDA:20,1,1,5
BRDA:62,2,0,5
BRDA:62,2,1,0
BRDA:81,3,0,2
BRDA:81,3,1,3
BRDA:93,4,0,5
BRDA:93,4,1,0
BRDA:139,5,0,1
BRDA:139,5,1,2
BRDA:145,6,0,2
BRDA:145,6,1,0
BRDA:158,7,0,1
BRDA:158,7,1,1
BRDA:190,8,0,9
BRDA:195,9,0,3
BRDA:195,9,1,7
BRDA:201,10,0,1
BRDA:201,10,1,6
BRDA:207,11,0,2
BRDA:207,11,1,5
BRDA:236,12,0,3
BRDA:236,12,1,1
BRDA:246,13,0,6
BRDA:248,14,0,2
BRDA:248,14,1,5
BRDA:248,15,0,7
BRDA:248,15,1,6
BRDA:251,16,0,1
BRDA:251,16,1,4
BRDA:260,17,0,5
BRDA:260,17,1,0
BRDA:265,18,0,4
BRDA:265,18,1,1
BRDA:280,19,0,3
BRDA:280,19,1,1
BRF:38
BRH:34
end_of_record
TN:
SF:src\services\reportService.ts
FN:10,(anonymous_1)
FN:27,(anonymous_2)
FN:39,(anonymous_3)
FN:51,(anonymous_4)
FN:62,(anonymous_5)
FN:75,(anonymous_6)
FN:88,(anonymous_7)
FN:115,(anonymous_8)
FN:176,(anonymous_9)
FN:235,(anonymous_10)
FN:249,(anonymous_11)
FN:264,(anonymous_12)
FN:287,(anonymous_13)
FN:294,(anonymous_14)
FN:320,(anonymous_15)
FN:330,(anonymous_16)
FN:371,(anonymous_17)
FN:381,(anonymous_18)
FN:397,(anonymous_19)
FNF:19
FNH:19
FNDA:55,(anonymous_1)
FNDA:21,(anonymous_2)
FNDA:9,(anonymous_3)
FNDA:11,(anonymous_4)
FNDA:3,(anonymous_5)
FNDA:8,(anonymous_6)
FNDA:12,(anonymous_7)
FNDA:5,(anonymous_8)
FNDA:34,(anonymous_9)
FNDA:5,(anonymous_10)
FNDA:5,(anonymous_11)
FNDA:4,(anonymous_12)
FNDA:3,(anonymous_13)
FNDA:3,(anonymous_14)
FNDA:3,(anonymous_15)
FNDA:6,(anonymous_16)
FNDA:5,(anonymous_17)
FNDA:3,(anonymous_18)
FNDA:3,(anonymous_19)
DA:1,5
DA:2,5
DA:5,5
DA:6,5
DA:10,5
DA:11,55
DA:18,55
DA:19,1
DA:23,55
DA:27,5
DA:28,21
DA:30,21
DA:31,18
DA:34,3
DA:39,5
DA:43,9
DA:48,9
DA:51,5
DA:52,11
DA:54,11
DA:55,3
DA:59,8
DA:62,5
DA:64,3
DA:66,2
DA:68,2
DA:69,1
DA:72,1
DA:75,5
DA:78,8
DA:81,7
DA:83,7
DA:85,5
DA:88,5
DA:94,12
DA:97,11
DA:98,10
DA:101,8
DA:102,1
DA:108,7
DA:109,7
DA:111,7
DA:112,5
DA:115,5
DA:116,5
DA:124,5
DA:128,5
DA:140,5
DA:149,5
DA:154,5
DA:157,5
DA:158,1
DA:165,6
DA:173,6
DA:176,5
DA:182,34
DA:183,1
DA:184,1
DA:187,33
DA:188,1
DA:191,32
DA:192,1
DA:195,31
DA:196,1
DA:199,30
DA:200,1
DA:203,29
DA:204,1
DA:208,28
DA:215,28
DA:220,28
DA:226,28
DA:227,28
DA:229,1
DA:232,28
DA:235,5
DA:239,5
DA:241,4
DA:246,4
DA:249,5
DA:251,5
DA:253,5
DA:254,1
DA:257,4
DA:259,3
DA:261,3
DA:264,5
DA:268,4
DA:270,4
DA:271,1
DA:275,3
DA:279,3
DA:280,2
DA:286,1
DA:287,3
DA:294,1
DA:295,3
DA:296,2
DA:297,1
DA:301,0
DA:303,1
DA:306,1
DA:307,0
DA:313,1
DA:317,1
DA:320,5
DA:323,3
DA:327,3
DA:330,5
DA:333,6
DA:335,6
DA:336,6
DA:337,2
DA:340,4
DA:341,4
DA:343,4
DA:344,4
DA:345,0
DA:346,0
DA:348,0
DA:351,4
DA:358,3
DA:368,3
DA:371,5
DA:374,5
DA:375,5
DA:376,1
DA:379,4
DA:381,3
DA:397,5
DA:402,3
DA:405,3
DA:406,3
DA:407,0
DA:411,3
DA:412,1
DA:416,2
DA:422,2
DA:423,0
DA:429,2
DA:438,2
DA:439,2
DA:441,2
DA:442,1
DA:449,1
DA:453,1
DA:456,5
LF:147
LH:140
BRDA:13,0,0,55
BRDA:13,0,1,2
BRDA:18,1,0,1
BRDA:18,1,1,54
BRDA:30,2,0,18
BRDA:30,2,1,3
BRDA:54,3,0,3
BRDA:54,3,1,8
BRDA:68,4,0,1
BRDA:68,4,1,1
BRDA:78,5,0,1
BRDA:78,5,1,7
BRDA:83,6,0,2
BRDA:83,6,1,5
BRDA:98,7,0,2
BRDA:98,7,1,8
BRDA:101,8,0,1
BRDA:101,8,1,7
BRDA:111,9,0,5
BRDA:111,9,1,2
BRDA:112,10,0,5
BRDA:112,10,1,0
BRDA:150,11,0,5
BRDA:150,11,1,1
BRDA:150,11,2,1
BRDA:157,12,0,1
BRDA:157,12,1,4
BRDA:168,13,0,2
BRDA:168,13,1,4
BRDA:169,14,0,6
BRDA:169,14,1,2
BRDA:182,15,0,1
BRDA:182,15,1,33
BRDA:182,16,0,34
BRDA:182,16,1,34
BRDA:187,17,0,1
BRDA:187,17,1,32
BRDA:187,18,0,33
BRDA:187,18,1,33
BRDA:191,19,0,1
BRDA:191,19,1,31
BRDA:191,20,0,32
BRDA:191,20,1,31
BRDA:195,21,0,1
BRDA:195,21,1,30
BRDA:199,22,0,1
BRDA:199,22,1,29
BRDA:199,23,0,30
BRDA:199,23,1,30
BRDA:203,24,0,1
BRDA:203,24,1,28
BRDA:239,25,0,3
BRDA:239,25,1,2
BRDA:253,26,0,1
BRDA:253,26,1,4
BRDA:259,27,0,3
BRDA:259,27,1,1
BRDA:270,28,0,1
BRDA:270,28,1,3
BRDA:279,29,0,2
BRDA:279,29,1,1
BRDA:295,30,0,1
BRDA:295,30,1,2
BRDA:296,31,0,1
BRDA:296,31,1,1
BRDA:296,32,0,2
BRDA:296,32,1,0
BRDA:296,33,0,2
BRDA:296,33,1,0
BRDA:297,34,0,0
BRDA:297,34,1,1
BRDA:298,35,0,1
BRDA:298,35,1,0
BRDA:298,36,0,1
BRDA:298,36,1,0
BRDA:298,37,0,1
BRDA:298,37,1,0
BRDA:306,38,0,0
BRDA:306,38,1,1
BRDA:336,39,0,2
BRDA:336,39,1,4
BRDA:343,40,0,4
BRDA:343,40,1,0
BRDA:345,41,0,0
BRDA:345,41,1,0
BRDA:375,42,0,1
BRDA:375,42,1,4
BRDA:406,43,0,0
BRDA:406,43,1,3
BRDA:411,44,0,1
BRDA:411,44,1,2
BRDA:422,45,0,0
BRDA:422,45,1,2
BRDA:439,46,0,2
BRDA:439,46,1,0
BRDA:441,47,0,1
BRDA:441,47,1,1
BRDA:444,48,0,1
BRDA:444,48,1,0
BRF:99
BRH:84
end_of_record
TN:
SF:src\services\userService.ts
FN:16,(anonymous_1)
FN:63,(anonymous_2)
FN:76,(anonymous_3)
FN:87,(anonymous_4)
FN:91,(anonymous_5)
FN:95,(anonymous_6)
FN:103,(anonymous_7)
FN:107,(anonymous_8)
FN:111,(anonymous_9)
FN:115,(anonymous_10)
FNF:10
FNH:10
FNDA:170,(anonymous_1)
FNDA:46,(anonymous_2)
FNDA:3,(anonymous_3)
FNDA:2,(anonymous_4)
FNDA:4,(anonymous_5)
FNDA:4,(anonymous_6)
FNDA:5,(anonymous_7)
FNDA:6,(anonymous_8)
FNDA:4,(anonymous_9)
FNDA:5,(anonymous_10)
DA:1,6
DA:2,6
DA:3,6
DA:4,6
DA:5,6
DA:6,6
DA:13,6
DA:15,6
DA:22,170
DA:26,167
DA:27,3
DA:31,164
DA:35,162
DA:36,3
DA:40,159
DA:43,159
DA:52,159
DA:60,157
DA:69,46
DA:81,3
DA:88,2
DA:92,4
DA:96,4
DA:97,4
DA:98,2
DA:100,2
DA:104,5
DA:108,6
DA:112,4
DA:121,5
DA:122,5
DA:123,1
DA:127,4
DA:128,2
DA:131,4
DA:138,4
LF:36
LH:36
BRDA:18,0,0,4
BRDA:19,1,0,67
BRDA:26,2,0,3
BRDA:26,2,1,164
BRDA:35,3,0,3
BRDA:35,3,1,159
BRDA:44,4,0,159
BRDA:44,4,1,157
BRDA:45,5,0,159
BRDA:45,5,1,157
BRDA:46,6,0,159
BRDA:46,6,1,1
BRDA:47,7,0,159
BRDA:47,7,1,1
BRDA:91,8,0,1
BRDA:95,9,0,2
BRDA:97,10,0,2
BRDA:97,10,1,2
BRDA:122,11,0,1
BRDA:122,11,1,4
BRDA:127,12,0,2
BRDA:127,12,1,2
BRF:22
BRH:22
end_of_record
