TN:
SF:src\controllers\authController.ts
FN:12,(anonymous_0)
FN:41,(anonymous_1)
FN:58,(anonymous_2)
FNF:3
FNH:3
FNDA:3,(anonymous_0)
FNDA:2,(anonymous_1)
FNDA:2,(anonymous_2)
DA:2,3
DA:4,3
DA:11,3
DA:13,3
DA:14,3
DA:15,3
DA:16,1
DA:22,2
DA:24,1
DA:25,1
DA:27,1
DA:34,1
DA:42,2
DA:43,2
DA:44,1
DA:51,1
DA:59,2
DA:60,2
DA:61,1
DA:66,1
DA:67,1
LF:21
LH:21
BRDA:14,0,0,3
BRDA:14,0,1,0
BRDA:15,1,0,1
BRDA:15,1,1,2
BRDA:15,2,0,3
BRDA:15,2,1,3
BRDA:36,3,0,1
BRDA:36,3,1,0
BRDA:60,4,0,1
BRDA:60,4,1,1
BRF:10
BRH:8
end_of_record
TN:
SF:src\controllers\reportController.ts
FN:17,(anonymous_1)
FN:26,(anonymous_2)
FN:41,(anonymous_3)
FN:87,(anonymous_4)
FN:110,(anonymous_5)
FNF:5
FNH:5
FNDA:2,(anonymous_1)
FNDA:3,(anonymous_2)
FNDA:10,(anonymous_3)
FNDA:3,(anonymous_4)
FNDA:2,(anonymous_5)
DA:2,1
DA:3,1
DA:5,1
DA:17,1
DA:18,2
DA:19,2
DA:20,1
DA:22,1
DA:26,1
DA:27,3
DA:28,3
DA:29,3
DA:31,2
DA:32,1
DA:35,1
DA:37,1
DA:41,1
DA:42,10
DA:44,10
DA:45,1
DA:46,1
DA:49,9
DA:50,9
DA:53,9
DA:54,1
DA:59,8
DA:60,1
DA:63,7
DA:64,1
DA:67,6
DA:68,1
DA:71,5
DA:72,1
DA:78,4
DA:79,1
DA:82,3
DA:83,1
DA:86,2
DA:87,3
DA:94,2
DA:103,1
DA:106,1
DA:110,1
DA:111,2
DA:112,2
DA:113,2
DA:114,1
DA:117,1
LF:48
LH:48
BRDA:31,0,0,1
BRDA:31,0,1,1
BRDA:44,1,0,1
BRDA:44,1,1,9
BRDA:44,2,0,10
BRDA:44,2,1,10
BRDA:53,3,0,1
BRDA:53,3,1,8
BRDA:53,4,0,9
BRDA:53,4,1,8
BRDA:59,5,0,1
BRDA:59,5,1,7
BRDA:59,6,0,8
BRDA:59,6,1,8
BRDA:63,7,0,1
BRDA:63,7,1,6
BRDA:63,8,0,7
BRDA:63,8,1,6
BRDA:67,9,0,1
BRDA:67,9,1,5
BRDA:71,10,0,1
BRDA:71,10,1,4
BRDA:78,11,0,1
BRDA:78,11,1,3
BRDA:78,12,0,4
BRDA:78,12,1,4
BRDA:82,13,0,1
BRDA:82,13,1,2
BRF:28
BRH:28
end_of_record
TN:
SF:src\controllers\userController.ts
FN:6,(anonymous_0)
FN:49,(anonymous_1)
FN:101,(anonymous_2)
FN:113,(anonymous_3)
FN:140,(anonymous_4)
FN:165,(anonymous_5)
FN:177,(anonymous_6)
FNF:7
FNH:7
FNDA:5,(anonymous_0)
FNDA:9,(anonymous_1)
FNDA:2,(anonymous_2)
FNDA:4,(anonymous_3)
FNDA:4,(anonymous_4)
FNDA:5,(anonymous_5)
FNDA:5,(anonymous_6)
DA:2,3
DA:3,3
DA:5,3
DA:7,5
DA:8,5
DA:10,5
DA:11,1
DA:16,4
DA:23,1
DA:25,1
DA:26,1
DA:28,1
DA:34,3
DA:38,2
DA:42,1
DA:50,9
DA:58,9
DA:60,9
DA:68,2
DA:75,7
DA:84,2
DA:86,5
DA:90,3
DA:94,2
DA:102,2
DA:103,2
DA:104,1
DA:106,1
DA:114,4
DA:115,4
DA:117,4
DA:118,1
DA:123,3
DA:125,2
DA:126,1
DA:131,1
DA:133,1
DA:141,4
DA:142,4
DA:144,4
DA:145,1
DA:150,3
DA:151,1
DA:153,2
DA:154,1
DA:158,1
DA:166,5
DA:167,5
DA:168,3
DA:170,2
DA:178,5
DA:179,5
DA:180,3
DA:182,2
LF:54
LH:54
BRDA:8,0,0,5
BRDA:8,0,1,0
BRDA:10,1,0,1
BRDA:10,1,1,4
BRDA:10,2,0,5
BRDA:10,2,1,5
BRDA:10,2,2,5
BRDA:10,2,3,4
BRDA:10,2,4,4
BRDA:34,3,0,2
BRDA:34,3,1,1
BRDA:35,4,0,3
BRDA:35,4,1,2
BRDA:44,5,0,1
BRDA:44,5,1,0
BRDA:58,6,0,9
BRDA:58,6,1,0
BRDA:60,7,0,2
BRDA:60,7,1,7
BRDA:61,8,0,9
BRDA:61,8,1,9
BRDA:61,8,2,8
BRDA:61,8,3,7
BRDA:61,8,4,7
BRDA:61,8,5,7
BRDA:86,9,0,3
BRDA:86,9,1,2
BRDA:87,10,0,5
BRDA:87,10,1,3
BRDA:96,11,0,2
BRDA:96,11,1,0
BRDA:108,12,0,1
BRDA:108,12,1,0
BRDA:117,13,0,1
BRDA:117,13,1,3
BRDA:125,14,0,1
BRDA:125,14,1,1
BRDA:135,15,0,1
BRDA:135,15,1,0
BRDA:144,16,0,1
BRDA:144,16,1,3
BRDA:153,17,0,1
BRDA:153,17,1,1
BRDA:160,18,0,1
BRDA:160,18,1,0
BRDA:172,19,0,2
BRDA:172,19,1,0
BRDA:184,20,0,2
BRDA:184,20,1,0
BRF:49
BRH:40
end_of_record
TN:
SF:src\models\enums.ts
FN:1,(anonymous_0)
FN:7,(anonymous_1)
FNF:2
FNH:2
FNDA:3,(anonymous_0)
FNDA:3,(anonymous_1)
DA:1,3
DA:2,3
DA:3,3
DA:4,3
DA:7,3
DA:8,3
DA:9,3
DA:10,3
DA:11,3
DA:12,3
DA:13,3
DA:14,3
DA:15,3
DA:16,3
LF:14
LH:14
BRDA:1,0,0,3
BRDA:1,0,1,3
BRDA:7,1,0,3
BRDA:7,1,1,3
BRF:4
BRH:4
end_of_record
TN:
SF:src\repositories\reportRepository.ts
FN:4,(anonymous_0)
FN:12,(anonymous_1)
FN:18,(anonymous_2)
FN:31,(anonymous_3)
FN:37,(anonymous_4)
FNF:5
FNH:5
FNDA:1,(anonymous_0)
FNDA:2,(anonymous_1)
FNDA:1,(anonymous_2)
FNDA:1,(anonymous_3)
FNDA:1,(anonymous_4)
DA:1,1
DA:4,1
DA:5,1
DA:12,1
DA:13,2
DA:18,1
DA:19,1
DA:31,1
DA:32,1
DA:37,1
DA:38,1
DA:44,1
LF:12
LH:12
BRF:0
BRH:0
end_of_record
TN:
SF:src\repositories\roleRepository.ts
FN:4,(anonymous_0)
FN:12,(anonymous_1)
FN:16,(anonymous_2)
FN:22,(anonymous_3)
FN:28,(anonymous_4)
FNF:5
FNH:5
FNDA:1,(anonymous_0)
FNDA:1,(anonymous_1)
FNDA:2,(anonymous_2)
FNDA:2,(anonymous_3)
FNDA:2,(anonymous_4)
DA:1,1
DA:3,1
DA:5,1
DA:13,1
DA:17,2
DA:23,2
DA:30,2
LF:7
LH:7
BRF:0
BRH:0
end_of_record
TN:
SF:src\repositories\userRepository.ts
FN:6,(anonymous_0)
FN:24,(anonymous_1)
FN:30,(anonymous_2)
FN:36,(anonymous_3)
FN:53,(anonymous_4)
FN:86,(anonymous_5)
FN:102,(anonymous_6)
FN:108,(anonymous_7)
FNF:8
FNH:8
FNDA:1,(anonymous_0)
FNDA:2,(anonymous_1)
FNDA:2,(anonymous_2)
FNDA:2,(anonymous_3)
FNDA:2,(anonymous_4)
FNDA:2,(anonymous_5)
FNDA:1,(anonymous_6)
FNDA:2,(anonymous_7)
DA:1,1
DA:5,1
DA:13,1
DA:25,2
DA:31,2
DA:37,2
DA:62,2
DA:87,2
DA:103,1
DA:110,2
DA:111,2
LF:11
LH:11
BRF:0
BRH:0
end_of_record
TN:
SF:src\routes\authRouter.ts
FNF:0
FNH:0
DA:1,1
DA:2,1
DA:4,1
DA:7,1
DA:10,1
DA:13,1
DA:15,1
LF:7
LH:7
BRF:0
BRH:0
end_of_record
TN:
SF:src\routes\reportRouter.ts
FN:16,(anonymous_10)
FN:35,(anonymous_11)
FN:37,(anonymous_12)
FN:41,(anonymous_13)
FN:42,(anonymous_14)
FNF:5
FNH:5
FNDA:6,(anonymous_10)
FNDA:1,(anonymous_11)
FNDA:1,(anonymous_12)
FNDA:1,(anonymous_13)
FNDA:1,(anonymous_14)
DA:1,1
DA:2,1
DA:5,1
DA:7,1
DA:10,1
DA:18,6
DA:19,5
DA:21,1
DA:27,1
DA:35,1
DA:37,2
DA:38,1
DA:41,1
DA:42,2
DA:43,1
DA:46,1
LF:16
LH:16
BRDA:18,0,0,5
BRDA:18,0,1,1
BRF:2
BRH:2
end_of_record
TN:
SF:src\routes\userRouter.ts
FNF:0
FNH:0
DA:1,2
DA:2,2
DA:3,2
DA:5,2
DA:7,2
DA:10,2
DA:18,2
DA:26,2
DA:34,2
DA:37,2
DA:40,2
DA:43,2
DA:45,2
LF:13
LH:13
BRF:0
BRH:0
end_of_record
TN:
SF:src\services\authService.ts
FN:10,(anonymous_1)
FN:51,(anonymous_2)
FN:72,(anonymous_3)
FN:90,(anonymous_4)
FN:123,(anonymous_5)
FN:127,(anonymous_6)
FN:131,(anonymous_7)
FN:139,(anonymous_8)
FN:143,(anonymous_9)
FNF:9
FNH:9
FNDA:3,(anonymous_1)
FNDA:3,(anonymous_2)
FNDA:4,(anonymous_3)
FNDA:6,(anonymous_4)
FNDA:1,(anonymous_5)
FNDA:1,(anonymous_6)
FNDA:2,(anonymous_7)
FNDA:4,(anonymous_8)
FNDA:4,(anonymous_9)
DA:1,2
DA:2,2
DA:3,2
DA:4,2
DA:5,2
DA:7,2
DA:9,2
DA:18,3
DA:19,3
DA:20,1
DA:24,2
DA:25,2
DA:26,1
DA:30,1
DA:33,1
DA:42,1
DA:48,1
DA:53,3
DA:55,3
DA:56,1
DA:59,2
DA:60,2
DA:61,1
DA:64,1
DA:69,1
DA:73,4
DA:74,4
DA:75,1
DA:78,3
DA:79,3
DA:80,2
DA:81,2
DA:82,1
DA:84,1
DA:86,2
DA:98,6
DA:99,6
DA:100,2
DA:103,4
DA:104,4
DA:105,2
DA:108,2
DA:110,2
DA:120,2
DA:124,1
DA:128,1
DA:132,2
DA:133,2
DA:134,1
DA:136,1
DA:140,4
DA:144,4
LF:52
LH:52
BRDA:7,0,0,2
BRDA:7,0,1,2
BRDA:19,1,0,1
BRDA:19,1,1,2
BRDA:25,2,0,1
BRDA:25,2,1,1
BRDA:53,3,0,3
BRDA:53,3,1,1
BRDA:55,4,0,1
BRDA:55,4,1,2
BRDA:60,5,0,1
BRDA:60,5,1,1
BRDA:74,6,0,1
BRDA:74,6,1,3
BRDA:81,7,0,1
BRDA:81,7,1,1
BRDA:99,8,0,2
BRDA:99,8,1,4
BRDA:104,9,0,2
BRDA:104,9,1,2
BRDA:133,10,0,1
BRDA:133,10,1,1
BRF:22
BRH:22
end_of_record
TN:
SF:src\services\reportService.ts
FN:5,(anonymous_1)
FN:10,(anonymous_2)
FN:14,(anonymous_3)
FN:69,(anonymous_4)
FNF:4
FNH:4
FNDA:1,(anonymous_1)
FNDA:2,(anonymous_2)
FNDA:7,(anonymous_3)
FNDA:3,(anonymous_4)
DA:1,1
DA:3,1
DA:5,1
DA:7,1
DA:10,1
DA:11,2
DA:14,1
DA:19,7
DA:20,1
DA:21,1
DA:24,6
DA:25,1
DA:28,5
DA:29,1
DA:32,4
DA:33,1
DA:36,3
DA:37,1
DA:40,2
DA:41,1
DA:45,1
DA:50,1
DA:55,1
DA:59,1
DA:63,1
DA:69,1
DA:71,3
DA:73,2
DA:76,2
DA:79,1
LF:30
LH:30
BRDA:19,0,0,1
BRDA:19,0,1,6
BRDA:19,1,0,7
BRDA:19,1,1,7
BRDA:24,2,0,1
BRDA:24,2,1,5
BRDA:24,3,0,6
BRDA:24,3,1,6
BRDA:28,4,0,1
BRDA:28,4,1,4
BRDA:28,5,0,5
BRDA:28,5,1,4
BRDA:32,6,0,1
BRDA:32,6,1,3
BRDA:36,7,0,1
BRDA:36,7,1,2
BRDA:36,8,0,3
BRDA:36,8,1,3
BRDA:40,9,0,1
BRDA:40,9,1,1
BRDA:60,10,0,1
BRDA:60,10,1,0
BRDA:73,11,0,2
BRDA:73,11,1,1
BRF:24
BRH:23
end_of_record
